<?xml version="1.0" encoding="UTF-8"?>
<!-- Generated by org.testng.reporters.JUnitReportReporter -->
<testsuite hostname="IP-AC1F944B" name="example.NewTest" tests="1" failures="0" timestamp="3 Jan 2018 09:25:53 GMT" time="24.414" errors="0">
  <testcase name="testgooglrsearch" time="24.414" classname="example.NewTest"/>
</testsuite> <!-- example.NewTest -->
