<?xml version="1.0" encoding="UTF-8"?>
<!-- Generated by org.testng.reporters.JUnitReportReporter -->
<testsuite hostname="IP-AC1F944B" name="example.NewTest" tests="1" failures="0" timestamp="3 Jan 2018 09:27:53 GMT" time="21.544" errors="0">
  <testcase name="testgooglrsearch" time="21.544" classname="example.NewTest"/>
</testsuite> <!-- example.NewTest -->
